2023-06-15 10:11:37,387 INFO  - Scheduler DefaultQuartzScheduler_$_NON_CLUSTERED started.
2023-06-15 10:11:37,564 INFO  - Default Quartz.NET properties loaded from embedded resource file
2023-06-15 10:11:37,566 INFO  - JobFactory set to: OpenImis.RestApi.Scheduler.CustomQuartzJobFactory
2023-06-15 10:11:37,576 DEBUG - Batch acquisition of 0 triggers
2023-06-15 10:11:37,728 FATAL - An error occurred starting the application
System.AggregateException: One or more errors occurred. (Unexpected end of expression.) ---> System.FormatException: Unexpected end of expression.
   at Quartz.CronExpression.BuildExpression(String expression)
   at Quartz.CronScheduleTriggerBuilderExtensions.WithCronSchedule(TriggerBuilder triggerBuilder, String cronExpression)
   at OpenImis.RestApi.Scheduler.CustomQuartzHostedService.CreateTrigger(JobMetaData jobMetaData) in /app/OpenImis.RestApi/Scheduler/CustomQuartzHostedService.cs:line 48
   at OpenImis.RestApi.Scheduler.CustomQuartzHostedService.StartAsync(CancellationToken cancellationToken) in /app/OpenImis.RestApi/Scheduler/CustomQuartzHostedService.cs:line 34
   at Microsoft.AspNetCore.Hosting.Internal.HostedServiceExecutor.ExecuteAsync(Func`2 callback)
   --- End of inner exception stack trace ---
   at Microsoft.AspNetCore.Hosting.Internal.HostedServiceExecutor.ExecuteAsync(Func`2 callback)
   at Microsoft.AspNetCore.Hosting.Internal.HostedServiceExecutor.StartAsync(CancellationToken token)
---> (Inner Exception #0) System.FormatException: Unexpected end of expression.
   at Quartz.CronExpression.BuildExpression(String expression)
   at Quartz.CronScheduleTriggerBuilderExtensions.WithCronSchedule(TriggerBuilder triggerBuilder, String cronExpression)
   at OpenImis.RestApi.Scheduler.CustomQuartzHostedService.CreateTrigger(JobMetaData jobMetaData) in /app/OpenImis.RestApi/Scheduler/CustomQuartzHostedService.cs:line 48
   at OpenImis.RestApi.Scheduler.CustomQuartzHostedService.StartAsync(CancellationToken cancellationToken) in /app/OpenImis.RestApi/Scheduler/CustomQuartzHostedService.cs:line 34
   at Microsoft.AspNetCore.Hosting.Internal.HostedServiceExecutor.ExecuteAsync(Func`2 callback)<---

2023-06-15 10:12:03,866 DEBUG - Batch acquisition of 0 triggers
2023-06-15 10:12:29,128 DEBUG - Batch acquisition of 0 triggers
2023-06-15 10:12:58,777 DEBUG - Batch acquisition of 0 triggers
2023-06-15 10:13:28,424 DEBUG - Batch acquisition of 0 triggers
2023-06-15 10:13:51,808 DEBUG - Batch acquisition of 0 triggers
2023-06-15 10:14:16,690 DEBUG - Batch acquisition of 0 triggers
2023-06-15 10:14:45,634 DEBUG - Batch acquisition of 0 triggers
2023-06-15 10:15:14,618 DEBUG - Batch acquisition of 0 triggers
2023-06-15 10:15:38,388 DEBUG - Batch acquisition of 0 triggers
2023-06-15 10:16:07,332 DEBUG - Batch acquisition of 0 triggers
2023-06-15 10:16:32,808 DEBUG - Batch acquisition of 0 triggers
2023-06-15 10:16:57,789 DEBUG - Batch acquisition of 0 triggers
2023-06-15 10:17:27,072 DEBUG - Batch acquisition of 0 triggers
2023-06-15 10:17:55,043 DEBUG - Batch acquisition of 0 triggers
2023-06-15 10:18:23,045 DEBUG - Batch acquisition of 0 triggers
2023-06-15 10:18:50,873 DEBUG - Batch acquisition of 0 triggers
2023-06-15 10:19:15,424 DEBUG - Batch acquisition of 0 triggers
2023-06-15 10:19:38,754 DEBUG - Batch acquisition of 0 triggers
2023-06-15 10:20:06,218 DEBUG - Batch acquisition of 0 triggers
2023-06-15 10:20:35,191 DEBUG - Batch acquisition of 0 triggers
2023-06-15 10:21:03,616 DEBUG - Batch acquisition of 0 triggers
2023-06-15 10:21:31,254 DEBUG - Batch acquisition of 0 triggers
2023-06-15 10:21:57,815 DEBUG - Batch acquisition of 0 triggers
2023-06-15 10:22:27,440 DEBUG - Batch acquisition of 0 triggers
2023-06-15 10:22:55,399 DEBUG - Batch acquisition of 0 triggers
2023-06-15 10:23:24,977 DEBUG - Batch acquisition of 0 triggers
2023-06-15 10:23:54,581 DEBUG - Batch acquisition of 0 triggers
2023-06-15 10:24:19,238 DEBUG - Batch acquisition of 0 triggers
2023-06-15 10:24:48,556 DEBUG - Batch acquisition of 0 triggers
2023-06-15 10:25:16,521 DEBUG - Batch acquisition of 0 triggers
2023-06-15 10:25:41,394 DEBUG - Batch acquisition of 0 triggers
2023-06-15 10:26:09,592 DEBUG - Batch acquisition of 0 triggers
2023-06-15 10:26:33,684 DEBUG - Batch acquisition of 0 triggers
2023-06-15 10:26:59,231 DEBUG - Batch acquisition of 0 triggers
2023-06-15 10:27:29,215 DEBUG - Batch acquisition of 0 triggers
2023-06-15 10:27:54,879 DEBUG - Batch acquisition of 0 triggers
2023-06-15 10:28:23,196 DEBUG - Batch acquisition of 0 triggers
2023-06-15 10:28:46,374 DEBUG - Batch acquisition of 0 triggers
2023-06-15 10:29:13,589 DEBUG - Batch acquisition of 0 triggers
2023-06-15 10:29:41,954 DEBUG - Batch acquisition of 0 triggers
2023-06-15 10:30:11,400 DEBUG - Batch acquisition of 0 triggers
2023-06-15 10:30:37,301 DEBUG - Batch acquisition of 0 triggers
2023-06-15 10:31:02,214 DEBUG - Batch acquisition of 0 triggers
2023-06-15 10:31:32,077 DEBUG - Batch acquisition of 0 triggers
2023-06-15 10:32:01,068 DEBUG - Batch acquisition of 0 triggers
2023-06-15 10:32:27,941 DEBUG - Batch acquisition of 0 triggers
2023-06-15 10:32:55,827 DEBUG - Batch acquisition of 0 triggers
2023-06-15 10:33:23,391 DEBUG - Batch acquisition of 0 triggers
2023-06-15 10:33:49,990 DEBUG - Batch acquisition of 0 triggers
2023-06-15 10:34:17,166 DEBUG - Batch acquisition of 0 triggers
2023-06-15 10:34:41,617 DEBUG - Batch acquisition of 0 triggers
2023-06-15 10:35:07,039 DEBUG - Batch acquisition of 0 triggers
2023-06-15 10:35:34,764 DEBUG - Batch acquisition of 0 triggers
2023-06-15 10:35:59,716 DEBUG - Batch acquisition of 0 triggers
2023-06-15 10:36:28,387 DEBUG - Batch acquisition of 0 triggers
2023-06-15 10:36:52,163 DEBUG - Batch acquisition of 0 triggers
2023-06-15 10:37:16,897 DEBUG - Batch acquisition of 0 triggers
2023-06-15 10:37:46,444 DEBUG - Batch acquisition of 0 triggers
2023-06-15 10:38:14,613 DEBUG - Batch acquisition of 0 triggers
2023-06-15 10:38:44,175 DEBUG - Batch acquisition of 0 triggers
2023-06-15 10:39:09,934 DEBUG - Batch acquisition of 0 triggers
2023-06-15 10:39:38,588 DEBUG - Batch acquisition of 0 triggers
2023-06-15 10:40:02,412 DEBUG - Batch acquisition of 0 triggers
2023-06-15 10:40:31,208 DEBUG - Batch acquisition of 0 triggers
2023-06-15 10:40:59,689 DEBUG - Batch acquisition of 0 triggers
2023-06-15 10:41:26,080 DEBUG - Batch acquisition of 0 triggers
2023-06-15 10:41:52,133 DEBUG - Batch acquisition of 0 triggers
2023-06-15 10:42:20,779 DEBUG - Batch acquisition of 0 triggers
2023-06-15 10:42:46,354 DEBUG - Batch acquisition of 0 triggers
2023-06-15 10:43:10,572 DEBUG - Batch acquisition of 0 triggers
2023-06-15 10:43:37,156 DEBUG - Batch acquisition of 0 triggers
2023-06-15 10:44:02,888 DEBUG - Batch acquisition of 0 triggers
2023-06-15 10:44:30,948 DEBUG - Batch acquisition of 0 triggers
2023-06-15 10:44:59,371 DEBUG - Batch acquisition of 0 triggers
2023-06-15 10:45:24,126 DEBUG - Batch acquisition of 0 triggers
2023-06-15 10:45:47,728 DEBUG - Batch acquisition of 0 triggers
2023-06-15 10:46:11,654 DEBUG - Batch acquisition of 0 triggers
2023-06-15 10:46:41,003 DEBUG - Batch acquisition of 0 triggers
2023-06-15 10:47:06,977 DEBUG - Batch acquisition of 0 triggers
2023-06-15 10:47:35,351 DEBUG - Batch acquisition of 0 triggers
2023-06-15 10:48:00,417 DEBUG - Batch acquisition of 0 triggers
2023-06-15 10:48:27,055 DEBUG - Batch acquisition of 0 triggers
2023-06-15 10:48:50,769 DEBUG - Batch acquisition of 0 triggers
2023-06-15 10:49:15,279 DEBUG - Batch acquisition of 0 triggers
2023-06-15 10:49:43,088 DEBUG - Batch acquisition of 0 triggers
2023-06-15 10:50:11,974 DEBUG - Batch acquisition of 0 triggers
2023-06-15 10:50:37,487 DEBUG - Batch acquisition of 0 triggers
2023-06-15 10:51:04,737 DEBUG - Batch acquisition of 0 triggers
2023-06-15 10:51:32,080 DEBUG - Batch acquisition of 0 triggers
2023-06-15 10:51:59,555 DEBUG - Batch acquisition of 0 triggers
2023-06-15 10:52:25,306 DEBUG - Batch acquisition of 0 triggers
2023-06-15 10:52:48,943 DEBUG - Batch acquisition of 0 triggers
2023-06-15 10:53:16,289 DEBUG - Batch acquisition of 0 triggers
2023-06-15 11:06:03,177 DEBUG - Batch acquisition of 0 triggers
2023-06-15 11:09:25,854 INFO  - Scheduler DefaultQuartzScheduler_$_NON_CLUSTERED started.
2023-06-15 11:09:25,876 DEBUG - Batch acquisition of 0 triggers
2023-06-15 11:09:25,879 INFO  - Default Quartz.NET properties loaded from embedded resource file
2023-06-15 11:09:25,880 INFO  - JobFactory set to: OpenImis.RestApi.Scheduler.CustomQuartzJobFactory
2023-06-15 11:09:25,920 FATAL - An error occurred starting the application
System.AggregateException: One or more errors occurred. (Unexpected end of expression.) ---> System.FormatException: Unexpected end of expression.
   at Quartz.CronExpression.BuildExpression(String expression)
   at Quartz.CronScheduleTriggerBuilderExtensions.WithCronSchedule(TriggerBuilder triggerBuilder, String cronExpression)
   at OpenImis.RestApi.Scheduler.CustomQuartzHostedService.CreateTrigger(JobMetaData jobMetaData) in /app/OpenImis.RestApi/Scheduler/CustomQuartzHostedService.cs:line 48
   at OpenImis.RestApi.Scheduler.CustomQuartzHostedService.StartAsync(CancellationToken cancellationToken) in /app/OpenImis.RestApi/Scheduler/CustomQuartzHostedService.cs:line 34
   at Microsoft.AspNetCore.Hosting.Internal.HostedServiceExecutor.ExecuteAsync(Func`2 callback)
   --- End of inner exception stack trace ---
   at Microsoft.AspNetCore.Hosting.Internal.HostedServiceExecutor.ExecuteAsync(Func`2 callback)
   at Microsoft.AspNetCore.Hosting.Internal.HostedServiceExecutor.StartAsync(CancellationToken token)
---> (Inner Exception #0) System.FormatException: Unexpected end of expression.
   at Quartz.CronExpression.BuildExpression(String expression)
   at Quartz.CronScheduleTriggerBuilderExtensions.WithCronSchedule(TriggerBuilder triggerBuilder, String cronExpression)
   at OpenImis.RestApi.Scheduler.CustomQuartzHostedService.CreateTrigger(JobMetaData jobMetaData) in /app/OpenImis.RestApi/Scheduler/CustomQuartzHostedService.cs:line 48
   at OpenImis.RestApi.Scheduler.CustomQuartzHostedService.StartAsync(CancellationToken cancellationToken) in /app/OpenImis.RestApi/Scheduler/CustomQuartzHostedService.cs:line 34
   at Microsoft.AspNetCore.Hosting.Internal.HostedServiceExecutor.ExecuteAsync(Func`2 callback)<---

2023-06-15 11:09:55,254 DEBUG - Batch acquisition of 0 triggers
2023-06-15 11:10:25,046 DEBUG - Batch acquisition of 0 triggers
2023-06-15 11:10:50,657 DEBUG - Batch acquisition of 0 triggers
2023-06-15 11:11:20,203 DEBUG - Batch acquisition of 0 triggers
2023-06-15 11:11:48,256 DEBUG - Batch acquisition of 0 triggers
2023-06-15 11:12:14,364 DEBUG - Batch acquisition of 0 triggers
2023-06-15 11:12:40,747 DEBUG - Batch acquisition of 0 triggers
2023-06-15 11:13:05,016 DEBUG - Batch acquisition of 0 triggers
2023-06-15 11:13:34,115 DEBUG - Batch acquisition of 0 triggers
2023-06-15 11:14:02,608 DEBUG - Batch acquisition of 0 triggers
2023-06-15 11:14:29,979 DEBUG - Batch acquisition of 0 triggers
2023-06-15 11:14:55,827 DEBUG - Batch acquisition of 0 triggers
2023-06-15 11:15:22,139 DEBUG - Batch acquisition of 0 triggers
2023-06-15 11:15:51,864 DEBUG - Batch acquisition of 0 triggers
2023-06-15 11:16:20,271 DEBUG - Batch acquisition of 0 triggers
2023-06-15 11:16:48,639 DEBUG - Batch acquisition of 0 triggers
2023-06-15 11:17:17,055 DEBUG - Batch acquisition of 0 triggers
2023-06-15 11:17:45,231 DEBUG - Batch acquisition of 0 triggers
2023-06-15 11:18:09,639 DEBUG - Batch acquisition of 0 triggers
2023-06-15 11:18:37,848 DEBUG - Batch acquisition of 0 triggers
2023-06-15 11:19:05,783 DEBUG - Batch acquisition of 0 triggers
2023-06-15 11:19:33,731 DEBUG - Batch acquisition of 0 triggers
2023-06-15 11:20:03,420 DEBUG - Batch acquisition of 0 triggers
2023-06-15 11:20:31,967 DEBUG - Batch acquisition of 0 triggers
2023-06-15 11:20:59,800 DEBUG - Batch acquisition of 0 triggers
2023-06-15 11:21:23,083 DEBUG - Batch acquisition of 0 triggers
2023-06-15 11:21:46,706 DEBUG - Batch acquisition of 0 triggers
2023-06-15 11:22:13,438 DEBUG - Batch acquisition of 0 triggers
2023-06-15 11:22:36,594 DEBUG - Batch acquisition of 0 triggers
2023-06-15 11:22:59,882 DEBUG - Batch acquisition of 0 triggers
2023-06-15 11:23:24,211 DEBUG - Batch acquisition of 0 triggers
2023-06-15 11:23:50,210 DEBUG - Batch acquisition of 0 triggers
2023-06-15 11:24:19,050 DEBUG - Batch acquisition of 0 triggers
2023-06-15 11:24:45,094 DEBUG - Batch acquisition of 0 triggers
2023-06-15 11:25:10,422 DEBUG - Batch acquisition of 0 triggers
2023-06-15 11:25:40,159 DEBUG - Batch acquisition of 0 triggers
2023-06-15 11:26:10,071 DEBUG - Batch acquisition of 0 triggers
2023-06-15 11:26:39,591 DEBUG - Batch acquisition of 0 triggers
2023-06-15 11:27:04,804 DEBUG - Batch acquisition of 0 triggers
2023-06-15 11:27:30,452 DEBUG - Batch acquisition of 0 triggers
2023-06-15 11:27:54,549 DEBUG - Batch acquisition of 0 triggers
2023-06-15 11:28:21,645 DEBUG - Batch acquisition of 0 triggers
2023-06-15 11:28:46,626 DEBUG - Batch acquisition of 0 triggers
2023-06-15 11:29:16,222 DEBUG - Batch acquisition of 0 triggers
2023-06-15 11:29:44,125 DEBUG - Batch acquisition of 0 triggers
2023-06-15 11:30:11,714 DEBUG - Batch acquisition of 0 triggers
2023-06-15 11:30:34,781 DEBUG - Batch acquisition of 0 triggers
2023-06-15 11:31:01,642 DEBUG - Batch acquisition of 0 triggers
2023-06-15 11:31:25,569 DEBUG - Batch acquisition of 0 triggers
2023-06-15 11:31:52,015 DEBUG - Batch acquisition of 0 triggers
2023-06-15 11:32:18,339 DEBUG - Batch acquisition of 0 triggers
2023-06-15 11:32:41,406 DEBUG - Batch acquisition of 0 triggers
2023-06-15 11:33:05,668 DEBUG - Batch acquisition of 0 triggers
2023-06-15 11:33:35,614 DEBUG - Batch acquisition of 0 triggers
2023-06-15 11:34:00,930 DEBUG - Batch acquisition of 0 triggers
2023-06-15 11:34:29,614 DEBUG - Batch acquisition of 0 triggers
2023-06-15 11:34:57,724 DEBUG - Batch acquisition of 0 triggers
2023-06-15 11:35:27,055 DEBUG - Batch acquisition of 0 triggers
2023-06-15 11:35:51,032 DEBUG - Batch acquisition of 0 triggers
2023-06-15 11:36:20,526 DEBUG - Batch acquisition of 0 triggers
2023-06-15 11:36:46,924 DEBUG - Batch acquisition of 0 triggers
2023-06-15 11:37:13,788 DEBUG - Batch acquisition of 0 triggers
2023-06-15 11:37:39,436 DEBUG - Batch acquisition of 0 triggers
2023-06-15 11:38:02,813 DEBUG - Batch acquisition of 0 triggers
2023-06-15 11:38:30,092 DEBUG - Batch acquisition of 0 triggers
2023-06-15 11:38:54,490 DEBUG - Batch acquisition of 0 triggers
2023-06-15 11:39:18,913 DEBUG - Batch acquisition of 0 triggers
2023-06-15 11:39:48,192 DEBUG - Batch acquisition of 0 triggers
2023-06-15 11:40:11,379 DEBUG - Batch acquisition of 0 triggers
2023-06-15 11:40:40,045 DEBUG - Batch acquisition of 0 triggers
2023-06-15 11:41:09,088 DEBUG - Batch acquisition of 0 triggers
2023-06-15 11:41:35,722 DEBUG - Batch acquisition of 0 triggers
2023-06-15 11:42:03,827 DEBUG - Batch acquisition of 0 triggers
2023-06-15 11:42:29,125 DEBUG - Batch acquisition of 0 triggers
2023-06-15 11:42:55,832 DEBUG - Batch acquisition of 0 triggers
2023-06-15 11:43:25,040 DEBUG - Batch acquisition of 0 triggers
2023-06-15 11:43:53,885 DEBUG - Batch acquisition of 0 triggers
2023-06-15 11:44:20,839 DEBUG - Batch acquisition of 0 triggers
2023-06-15 11:44:45,708 DEBUG - Batch acquisition of 0 triggers
2023-06-15 11:45:14,082 DEBUG - Batch acquisition of 0 triggers
2023-06-15 11:45:42,169 DEBUG - Batch acquisition of 0 triggers
2023-06-15 11:46:05,604 DEBUG - Batch acquisition of 0 triggers
2023-06-15 11:46:30,989 DEBUG - Batch acquisition of 0 triggers
2023-06-15 11:46:56,576 DEBUG - Batch acquisition of 0 triggers
2023-06-15 11:47:22,192 DEBUG - Batch acquisition of 0 triggers
2023-06-15 11:47:49,544 DEBUG - Batch acquisition of 0 triggers
2023-06-15 11:48:18,075 DEBUG - Batch acquisition of 0 triggers
2023-06-15 11:48:45,414 DEBUG - Batch acquisition of 0 triggers
2023-06-15 11:49:12,601 DEBUG - Batch acquisition of 0 triggers
2023-06-15 11:49:38,487 DEBUG - Batch acquisition of 0 triggers
2023-06-15 11:50:05,873 DEBUG - Batch acquisition of 0 triggers
2023-06-15 11:50:29,814 DEBUG - Batch acquisition of 0 triggers
2023-06-15 11:50:59,791 DEBUG - Batch acquisition of 0 triggers
2023-06-15 11:51:23,558 DEBUG - Batch acquisition of 0 triggers
2023-06-15 11:51:51,581 DEBUG - Batch acquisition of 0 triggers
2023-06-15 11:52:20,500 DEBUG - Batch acquisition of 0 triggers
2023-06-15 11:52:45,661 DEBUG - Batch acquisition of 0 triggers
2023-06-15 11:53:12,666 DEBUG - Batch acquisition of 0 triggers
2023-06-15 11:53:38,953 DEBUG - Batch acquisition of 0 triggers
2023-06-15 11:54:03,952 DEBUG - Batch acquisition of 0 triggers
2023-06-15 11:54:32,223 DEBUG - Batch acquisition of 0 triggers
2023-06-15 11:54:58,691 DEBUG - Batch acquisition of 0 triggers
2023-06-15 11:55:22,785 DEBUG - Batch acquisition of 0 triggers
2023-06-15 11:55:49,397 DEBUG - Batch acquisition of 0 triggers
2023-06-15 11:56:15,280 DEBUG - Batch acquisition of 0 triggers
2023-06-15 11:56:38,693 DEBUG - Batch acquisition of 0 triggers
2023-06-15 11:57:08,288 DEBUG - Batch acquisition of 0 triggers
2023-06-15 11:57:34,413 DEBUG - Batch acquisition of 0 triggers
2023-06-15 11:58:00,270 DEBUG - Batch acquisition of 0 triggers
2023-06-15 11:58:24,485 DEBUG - Batch acquisition of 0 triggers
2023-06-15 11:58:53,371 DEBUG - Batch acquisition of 0 triggers
2023-06-15 11:59:16,679 DEBUG - Batch acquisition of 0 triggers
2023-06-15 11:59:45,017 DEBUG - Batch acquisition of 0 triggers
2023-06-15 12:00:10,697 DEBUG - Batch acquisition of 0 triggers
2023-06-15 12:00:35,281 DEBUG - Batch acquisition of 0 triggers
2023-06-15 12:01:00,047 DEBUG - Batch acquisition of 0 triggers
2023-06-15 12:01:28,253 DEBUG - Batch acquisition of 0 triggers
2023-06-15 12:29:33,420 INFO  - Scheduler DefaultQuartzScheduler_$_NON_CLUSTERED started.
2023-06-15 12:29:33,533 INFO  - Default Quartz.NET properties loaded from embedded resource file
2023-06-15 12:29:33,534 INFO  - JobFactory set to: OpenImis.RestApi.Scheduler.CustomQuartzJobFactory
2023-06-15 12:29:33,548 DEBUG - Batch acquisition of 0 triggers
2023-06-15 12:29:33,613 FATAL - An error occurred starting the application
System.AggregateException: One or more errors occurred. (Unexpected end of expression.) ---> System.FormatException: Unexpected end of expression.
   at Quartz.CronExpression.BuildExpression(String expression)
   at Quartz.CronScheduleTriggerBuilderExtensions.WithCronSchedule(TriggerBuilder triggerBuilder, String cronExpression)
   at OpenImis.RestApi.Scheduler.CustomQuartzHostedService.CreateTrigger(JobMetaData jobMetaData) in /app/OpenImis.RestApi/Scheduler/CustomQuartzHostedService.cs:line 48
   at OpenImis.RestApi.Scheduler.CustomQuartzHostedService.StartAsync(CancellationToken cancellationToken) in /app/OpenImis.RestApi/Scheduler/CustomQuartzHostedService.cs:line 34
   at Microsoft.AspNetCore.Hosting.Internal.HostedServiceExecutor.ExecuteAsync(Func`2 callback)
   --- End of inner exception stack trace ---
   at Microsoft.AspNetCore.Hosting.Internal.HostedServiceExecutor.ExecuteAsync(Func`2 callback)
   at Microsoft.AspNetCore.Hosting.Internal.HostedServiceExecutor.StartAsync(CancellationToken token)
---> (Inner Exception #0) System.FormatException: Unexpected end of expression.
   at Quartz.CronExpression.BuildExpression(String expression)
   at Quartz.CronScheduleTriggerBuilderExtensions.WithCronSchedule(TriggerBuilder triggerBuilder, String cronExpression)
   at OpenImis.RestApi.Scheduler.CustomQuartzHostedService.CreateTrigger(JobMetaData jobMetaData) in /app/OpenImis.RestApi/Scheduler/CustomQuartzHostedService.cs:line 48
   at OpenImis.RestApi.Scheduler.CustomQuartzHostedService.StartAsync(CancellationToken cancellationToken) in /app/OpenImis.RestApi/Scheduler/CustomQuartzHostedService.cs:line 34
   at Microsoft.AspNetCore.Hosting.Internal.HostedServiceExecutor.ExecuteAsync(Func`2 callback)<---

2023-06-15 12:30:02,588 DEBUG - Batch acquisition of 0 triggers
2023-06-15 12:30:27,651 DEBUG - Batch acquisition of 0 triggers
2023-06-15 12:30:52,540 DEBUG - Batch acquisition of 0 triggers
2023-06-15 13:40:47,328 INFO  - Scheduler DefaultQuartzScheduler_$_NON_CLUSTERED started.
2023-06-15 13:40:47,385 DEBUG - Batch acquisition of 0 triggers
2023-06-15 13:40:47,410 INFO  - Default Quartz.NET properties loaded from embedded resource file
2023-06-15 13:40:47,412 INFO  - JobFactory set to: OpenImis.RestApi.Scheduler.CustomQuartzJobFactory
2023-06-15 13:40:47,467 FATAL - An error occurred starting the application
System.AggregateException: One or more errors occurred. (Unexpected end of expression.) ---> System.FormatException: Unexpected end of expression.
   at Quartz.CronExpression.BuildExpression(String expression)
   at Quartz.CronScheduleTriggerBuilderExtensions.WithCronSchedule(TriggerBuilder triggerBuilder, String cronExpression)
   at OpenImis.RestApi.Scheduler.CustomQuartzHostedService.CreateTrigger(JobMetaData jobMetaData) in /app/OpenImis.RestApi/Scheduler/CustomQuartzHostedService.cs:line 48
   at OpenImis.RestApi.Scheduler.CustomQuartzHostedService.StartAsync(CancellationToken cancellationToken) in /app/OpenImis.RestApi/Scheduler/CustomQuartzHostedService.cs:line 34
   at Microsoft.AspNetCore.Hosting.Internal.HostedServiceExecutor.ExecuteAsync(Func`2 callback)
   --- End of inner exception stack trace ---
   at Microsoft.AspNetCore.Hosting.Internal.HostedServiceExecutor.ExecuteAsync(Func`2 callback)
   at Microsoft.AspNetCore.Hosting.Internal.HostedServiceExecutor.StartAsync(CancellationToken token)
---> (Inner Exception #0) System.FormatException: Unexpected end of expression.
   at Quartz.CronExpression.BuildExpression(String expression)
   at Quartz.CronScheduleTriggerBuilderExtensions.WithCronSchedule(TriggerBuilder triggerBuilder, String cronExpression)
   at OpenImis.RestApi.Scheduler.CustomQuartzHostedService.CreateTrigger(JobMetaData jobMetaData) in /app/OpenImis.RestApi/Scheduler/CustomQuartzHostedService.cs:line 48
   at OpenImis.RestApi.Scheduler.CustomQuartzHostedService.StartAsync(CancellationToken cancellationToken) in /app/OpenImis.RestApi/Scheduler/CustomQuartzHostedService.cs:line 34
   at Microsoft.AspNetCore.Hosting.Internal.HostedServiceExecutor.ExecuteAsync(Func`2 callback)<---

2023-06-15 13:41:12,491 DEBUG - Batch acquisition of 0 triggers
2023-06-15 13:41:39,564 DEBUG - Batch acquisition of 0 triggers
2023-06-15 13:42:07,768 DEBUG - Batch acquisition of 0 triggers
2023-06-15 13:42:35,988 DEBUG - Batch acquisition of 0 triggers
2023-06-15 13:43:04,672 DEBUG - Batch acquisition of 0 triggers
2023-06-15 13:43:32,051 DEBUG - Batch acquisition of 0 triggers
2023-06-15 13:44:00,136 DEBUG - Batch acquisition of 0 triggers
2023-06-15 13:44:27,394 DEBUG - Batch acquisition of 0 triggers
2023-06-15 13:44:55,140 DEBUG - Batch acquisition of 0 triggers
2023-06-15 13:45:19,201 DEBUG - Batch acquisition of 0 triggers
2023-06-15 13:45:47,090 DEBUG - Batch acquisition of 0 triggers
2023-06-15 13:46:11,799 DEBUG - Batch acquisition of 0 triggers
2023-06-15 13:46:37,507 DEBUG - Batch acquisition of 0 triggers
2023-06-15 13:47:04,760 DEBUG - Batch acquisition of 0 triggers
2023-06-15 13:47:31,976 DEBUG - Batch acquisition of 0 triggers
2023-06-15 13:47:55,939 DEBUG - Batch acquisition of 0 triggers
2023-06-15 13:48:25,473 DEBUG - Batch acquisition of 0 triggers
2023-06-15 13:48:52,097 DEBUG - Batch acquisition of 0 triggers
2023-06-15 13:49:20,083 DEBUG - Batch acquisition of 0 triggers
2023-06-15 13:49:46,974 DEBUG - Batch acquisition of 0 triggers
